Grammar

    0 $accept: lines $end

    1 lines: lines expr '\n'
    2      | lines '\n'
    3      | %empty

    4 expr: expr '+' expr
    5     | expr '-' expr
    6     | expr '*' expr
    7     | expr '/' expr
    8     | '(' expr ')'
    9     | '-' expr
   10     | NUMBER


Terminals, with rules where they appear

    $end (0) 0
    '\n' (10) 1 2
    '(' (40) 8
    ')' (41) 8
    '*' (42) 6
    '+' (43) 4
    '-' (45) 5 9
    '/' (47) 7
    error (256)
    NUMBER (258) 10
    UMINUS (259)


Nonterminals, with rules where they appear

    $accept (12)
        on left: 0
    lines (13)
        on left: 1 2 3
        on right: 0 1 2
    expr (14)
        on left: 4 5 6 7 8 9 10
        on right: 1 4 5 6 7 8 9


State 0

    0 $accept: . lines $end

    $default  reduce using rule 3 (lines)

    lines  go to state 1


State 1

    0 $accept: lines . $end
    1 lines: lines . expr '\n'
    2      | lines . '\n'

    $end    shift, and go to state 2
    NUMBER  shift, and go to state 3
    '-'     shift, and go to state 4
    '\n'    shift, and go to state 5
    '('     shift, and go to state 6

    expr  go to state 7


State 2

    0 $accept: lines $end .

    $default  accept


State 3

   10 expr: NUMBER .

    $default  reduce using rule 10 (expr)


State 4

    9 expr: '-' . expr

    NUMBER  shift, and go to state 3
    '-'     shift, and go to state 4
    '('     shift, and go to state 6

    expr  go to state 8


State 5

    2 lines: lines '\n' .

    $default  reduce using rule 2 (lines)


State 6

    8 expr: '(' . expr ')'

    NUMBER  shift, and go to state 3
    '-'     shift, and go to state 4
    '('     shift, and go to state 6

    expr  go to state 9


State 7

    1 lines: lines expr . '\n'
    4 expr: expr . '+' expr
    5     | expr . '-' expr
    6     | expr . '*' expr
    7     | expr . '/' expr

    '+'   shift, and go to state 10
    '-'   shift, and go to state 11
    '*'   shift, and go to state 12
    '/'   shift, and go to state 13
    '\n'  shift, and go to state 14


State 8

    4 expr: expr . '+' expr
    5     | expr . '-' expr
    6     | expr . '*' expr
    7     | expr . '/' expr
    9     | '-' expr .

    $default  reduce using rule 9 (expr)


State 9

    4 expr: expr . '+' expr
    5     | expr . '-' expr
    6     | expr . '*' expr
    7     | expr . '/' expr
    8     | '(' expr . ')'

    '+'  shift, and go to state 10
    '-'  shift, and go to state 11
    '*'  shift, and go to state 12
    '/'  shift, and go to state 13
    ')'  shift, and go to state 15


State 10

    4 expr: expr '+' . expr

    NUMBER  shift, and go to state 3
    '-'     shift, and go to state 4
    '('     shift, and go to state 6

    expr  go to state 16


State 11

    5 expr: expr '-' . expr

    NUMBER  shift, and go to state 3
    '-'     shift, and go to state 4
    '('     shift, and go to state 6

    expr  go to state 17


State 12

    6 expr: expr '*' . expr

    NUMBER  shift, and go to state 3
    '-'     shift, and go to state 4
    '('     shift, and go to state 6

    expr  go to state 18


State 13

    7 expr: expr '/' . expr

    NUMBER  shift, and go to state 3
    '-'     shift, and go to state 4
    '('     shift, and go to state 6

    expr  go to state 19


State 14

    1 lines: lines expr '\n' .

    $default  reduce using rule 1 (lines)


State 15

    8 expr: '(' expr ')' .

    $default  reduce using rule 8 (expr)


State 16

    4 expr: expr . '+' expr
    4     | expr '+' expr .
    5     | expr . '-' expr
    6     | expr . '*' expr
    7     | expr . '/' expr

    '*'  shift, and go to state 12
    '/'  shift, and go to state 13

    $default  reduce using rule 4 (expr)


State 17

    4 expr: expr . '+' expr
    5     | expr . '-' expr
    5     | expr '-' expr .
    6     | expr . '*' expr
    7     | expr . '/' expr

    '*'  shift, and go to state 12
    '/'  shift, and go to state 13

    $default  reduce using rule 5 (expr)


State 18

    4 expr: expr . '+' expr
    5     | expr . '-' expr
    6     | expr . '*' expr
    6     | expr '*' expr .
    7     | expr . '/' expr

    $default  reduce using rule 6 (expr)


State 19

    4 expr: expr . '+' expr
    5     | expr . '-' expr
    6     | expr . '*' expr
    7     | expr . '/' expr
    7     | expr '/' expr .

    $default  reduce using rule 7 (expr)
