Turbo Assembler	 Version 2.51	     08/23/19 12:12:07	    Page 1
int.asm



      1	0000			     .model small
      2	0000			     .stack 200h
      3	0000			     .code
      4
      5	0000			     START:
      6	0000  B4 02			     mov ah, 2
      7	0002  B2 31			     mov dl, 49
      8	0004  CD 21			     int 21h
      9	0006  B4 4C			     mov ah, 4ch
     10	0008  B0 00			     mov al, 00h
     11	000A  CD 21			     int 21h
     12				     END START
Turbo Assembler	 Version 2.51	     08/23/19 12:12:07	    Page 2
Symbol Table




Symbol Name		Type   Value			   Cref	(defined at #)

??DATE			Text   "08/23/19"
??FILENAME		Text   "int	"
??TIME			Text   "12:12:07"
??VERSION		Number 0205
@CODE			Text   _TEXT			   #1  #1  #3
@CODESIZE		Text   0			   #1
@CPU			Text   0101H
@CURSEG			Text   _TEXT			   #3
@DATA			Text   DGROUP			   #1
@DATASIZE		Text   0			   #1
@FILENAME		Text   INT
@MODEL			Text   2			   #1
@WORDSIZE		Text   2			   #3
START			Near   _TEXT:0000		   #5  12

Groups & Segments	Bit Size Align	Combine	Class	   Cref	(defined at #)

DGROUP			Group				   #1  1
  STACK			16  0200 Para	Stack	STACK	   #2
  _DATA			16  0000 Word	Public	DATA	   #1
_TEXT			16  000C Word	Public	CODE	   #1  1  #3  3
